<?xml version="1.0" encoding="UTF-8"?>
<!-- Generated by org.testng.reporters.JUnitXMLReporter -->
<testsuite hostname="LAPTOP-6K01ST59" ignored="0" name="chrome" tests="4" failures="0" timestamp="2023-01-03T11:14:08 IST" time="0.141" errors="0">
  <testcase name="f1" time="0.016" classname="Frameworks.testng.Testsuite1"/>
  <testcase name="f2" time="0.0" classname="Frameworks.testng.Testsuite1"/>
  <testcase name="f3" time="0.015" classname="Frameworks.testng.Testsuite1"/>
  <testcase name="login" time="0.0" classname="Frameworks.testng.Test_chrome"/>
</testsuite> <!-- chrome -->
